htk/HTKLVRec/HDecode.mod -A -T 1 -a 0.1 -s 1.0 -t 13.0 -z lat -q tvaldm -o M -l lat -i dev.rec -w data/lm.arpa.txt -H data/final.mmf -S data/small.scp data/lexicon.txt data/tiedlist 
Reading dictionary from data/lexicon.txt
Reading acoustic models...Read 2635 physical / 427426 logical HMMs
lmla count 16686
nprons 13294
Reading language model from data/lm.arpa.txt
File: data/mfc/20060221-1-005870.mfc

Transcription: 1-best hypothesis [1 lists]
 List 1
   1.        0 4300000      <s> -418.439606
   2.  4300000 8400000 [A670][AA47] -404.887360
   3.  840000012400000 [A5A6][ADCC] -402.496155
   4. 1240000015000000 [A4A3][A66E] -277.335815
   5. 1500000017200000   [A5A6] -231.433960
   6. 1720000019500000   [B1BC] -244.575562
   7. 1950000020300000   [A446] -83.662109
   8. 2030000024600000 [AABA][B8DC] -449.588135
   9. 2460000029600000     </s> -424.900146
found 1 tokens in end state
found 57 arcs
nnodes 411 nlinks 4516
Stats: nTokSet 464858
Stats: TokPerSet 13.469692
Stats: activePerFrame 1494.351351
Stats: activateNodePerFrame 636.587838
Stats: deActivateNodePerFrame 635.631757

File: data/mfc/20060221-1-005880.mfc

Transcription: 1-best hypothesis [1 lists]
 List 1
   1.        0 4300000      <s> -357.047974
   2.  4300000 7000000 [A670][AA47] -271.782288
   3.  700000010000000 [B65D][B1BC] -317.475708
   4. 1000000012900000 [A7DA][ADCC][AABA] -285.560608
   5. 1290000014600000   [A5FD] -165.547241
   6. 1460000017400000   [BCCB] -284.060913
   7. 1740000019000000   [B4EE] -173.632202
   8. 1900000022300000 [A9B9][A455] -343.331543
   9. 2230000024000000   [A8AB] -170.741699
  10. 2400000025000000   [B0D5] -114.938965
  11. 2500000027500000   EMPH_A -247.477783
  12. 2750000028700000     </s> -107.837891
found 1 tokens in end state
found 52 arcs
nnodes 443 nlinks 3666
Stats: nTokSet 431027
Stats: TokPerSet 13.458004
Stats: activePerFrame 1385.059233
Stats: activateNodePerFrame 602.184669
Stats: deActivateNodePerFrame 600.554007

File: data/mfc/20060221-1-005890.mfc

Transcription: 1-best hypothesis [1 lists]
 List 1
   1.        0  600000      <s> -53.888744
   2.   60000018800000   [AC4F] -1802.728394
   3. 1880000030700000 [B36F][AAF9][BDD2][AABA] -1115.826660
   4. 3070000032400000   [A8EC] -165.152344
   5. 3240000033800000   [BBA1] -146.679688
   6. 3380000035600000 [B36F][ADD3] -183.878418
   7. 3560000039000000 [B5EA][BD75] -350.535645
   8. 3900000044000000 [A4BA][AE65] -496.850586
   9. 4400000049600000 [C0B3][B8D3][AC4F] -549.473145
  10. 4960000052900000   [BBA1] -300.819824
  11. 5290000054900000     </s> -175.992188
found 1 tokens in end state
found 18 arcs
nnodes 439 nlinks 2680
Stats: nTokSet 594996
Stats: TokPerSet 17.261745
Stats: activePerFrame 1028.582878
Stats: activateNodePerFrame 463.952641
Stats: deActivateNodePerFrame 462.253188

File: data/mfc/20060221-1-005900.mfc

Transcription: 1-best hypothesis [1 lists]
 List 1
   1.        0 1200000      <s> -114.716125
   2.  1200000 7800000 [A7DA][ADCC] -654.830566
   3.  780000011600000 [A440][ADB1] -401.612610
   4. 1160000016000000 [B0B5][B36F][ADD3] -440.762817
   5. 1600000019200000   [A57C] -296.233398
   6. 1920000025700000 [B36F][ADD3] -573.379150
   7. 2570000028400000 [B36F][ADD3] -254.801025
   8. 2840000032100000   THEORY -371.458740
   9. 3210000034100000 [B36F][ADD3] -209.371826
  10. 3410000037100000   [AABA] -262.826660
  11. 3710000039100000   [AABA] -179.030518
  12. 3910000042700000     </s> -272.949463
found 1 tokens in end state
found 31 arcs
nnodes 453 nlinks 2153
Stats: nTokSet 451722
Stats: TokPerSet 13.017079
Stats: activePerFrame 990.255269
Stats: activateNodePerFrame 464.044496
Stats: deActivateNodePerFrame 463.466042

File: data/mfc/20060221-1-005910.mfc

Transcription: 1-best hypothesis [1 lists]
 List 1
   1.        0 3100000      <s> -263.487518
   2.  3100000 5800000 [A7DA][ADCC] -253.626373
   3.  5800000 9100000 [A4BA][AE65] -344.852600
   4.  910000013000000 [A55D][AC41] -401.960754
   5. 1300000016500000 [B27A][BDD7] -369.659912
   6. 1650000021300000 [AABA][B3A1][A4C0] -464.531250
   7. 2130000022200000   [A741] -96.488281
   8. 2220000023500000   [A45D] -128.649414
   9. 2350000028200000 [A55D][AC41] -458.469482
  10. 2820000034000000 [B9EA][BBDA] -558.314453
  11. 3400000039000000 [AABA][B3A1][A5F7] -467.196533
  12. 3900000039700000   [A94F] -80.677490
  13. 3970000042600000 [A7DA][ADCC] -255.977051
  14. 4260000045900000 [B36F][A8E2][ADD3] -334.491699
  15. 4590000048700000 [B3A1][A4C0] -280.436035
  16. 4870000051100000   [B3A3] -240.326660
  17. 5110000056300000   [B77C] -469.667969
  18. 5630000059800000    COVER -351.277832
  19. 5980000063000000     </s> -248.062988
found 1 tokens in end state
found 2 arcs
nnodes 657 nlinks 3856
Stats: nTokSet 871013
Stats: TokPerSet 14.525606
Stats: activePerFrame 1263.915873
Stats: activateNodePerFrame 540.847619
Stats: deActivateNodePerFrame 539.642857

File: data/mfc/20060221-1-005920.mfc

Transcription: 1-best hypothesis [1 lists]
 List 1
   1.        0 2800000      <s> -236.100677
   2.  2800000 7100000 [B54D][ABE1][A94F] -425.805389
   3.  710000010400000 [A7DA][ADCC] -319.430725
   4. 1040000012500000   [B77C] -217.587402
   5. 1250000014400000   [B171] -193.741089
   6. 1440000017600000 [A9F1][A8EC] -338.342773
   7. 1760000019600000   [C65A] -210.122803
   8. 1960000023600000 [BFF9][B67D] -405.859375
   9. 2360000028500000   [AC4F] -413.287598
  10. 2850000032700000 [B3CC][ABE1] -422.549072
  11. 3270000037400000     </s> -377.792969
found 1 tokens in end state
found 98 arcs
nnodes 803 nlinks 7956
Stats: nTokSet 537096
Stats: TokPerSet 15.109945
Stats: activePerFrame 1317.713904
Stats: activateNodePerFrame 518.762032
Stats: deActivateNodePerFrame 517.954545

File: data/mfc/20060221-1-005930.mfc

Transcription: 1-best hypothesis [1 lists]
 List 1
   1.        0 4300000      <s> -375.063385
   2.  4300000 7000000   [AB65] -264.252960
   3.  7000000 8700000   [A562] -191.918579
   4.  870000012000000 [BEC7][B4C1] -336.975159
   5. 1200000013200000   [AC4F] -124.390869
   6. 1320000016500000 [B751][AA6B] -335.948242
   7. 1650000017300000   [A94F] -76.967896
   8. 1730000019400000   [C65A] -208.255371
   9. 1940000024200000     KULL -445.714111
  10. 2420000026300000   [ABE1] -230.094971
  11. 2630000028000000   [A562] -172.207764
  12. 2800000031500000 [BEC7][B4C1] -337.825928
  13. 3150000033100000   [AC4F] -159.722412
  14. 3310000037300000 [B669][A44A] -398.393066
  15. 3730000041900000 [B36F][ADD3] -428.582520
  16. 4190000044900000 [ACE3][A873] -307.724854
  17. 4490000045600000   [AABA] -71.877441
  18. 4560000050200000 [BDD2][C344] -455.000000
  19. 5020000055300000 [A7DA][ADCC] -465.409668
  20. 5530000056800000   [B3A3] -158.185059
  21. 5680000066300000   [B77C] -762.235352
  22. 6630000069300000 [B1B5][C4B2] -310.967773
  23. 6930000071400000   [A8EC] -205.520020
  24. 7140000073600000     </s> -195.010742
found 1 tokens in end state
found 93 arcs
nnodes 1152 nlinks 15995
Stats: nTokSet 763442
Stats: TokPerSet 16.426734
Stats: activePerFrame 986.293478
Stats: activateNodePerFrame 465.528533
Stats: deActivateNodePerFrame 465.014946

File: data/mfc/20060221-1-005940.mfc

Transcription: 1-best hypothesis [1 lists]
 List 1
   1.        0 2000000      <s> -180.253265
   2.  2000000 7000000 [A65D][A6B9][A94F] -486.553009
   3.  700000010100000 [A7DA][ADCC] -298.984924
   4. 1010000012800000 [A46A][B7A7] -264.679993
   5. 1280000015200000   [AB65] -237.345581
   6. 1520000017100000   [C65A] -199.825562
   7. 1710000021500000 [BEC7][B2DF] -419.222656
   8. 2150000024900000   [AC4F] -306.686768
   9. 2490000034900000     </s> -951.408936
found 1 tokens in end state
found 166 arcs
nnodes 1097 nlinks 14975
Stats: nTokSet 369778
Stats: TokPerSet 15.396697
Stats: activePerFrame 1001.005731
Stats: activateNodePerFrame 453.848138
Stats: deActivateNodePerFrame 452.670487

File: data/mfc/20060221-1-005950.mfc

Transcription: 1-best hypothesis [1 lists]
 List 1
   1.        0 1400000      <s> -114.433235
   2.  1400000 3400000 [A8BA][BBF2] -187.545258
   3.  3400000 7700000 [B36F][A8C7] -416.254059
   4.  770000010900000 [A8E4][B9EA] -304.748535
   5. 1090000019300000 [B44E][AC4F] -714.648315
   6. 1930000022500000 [A7DA][ADCC] -303.858643
   7. 2250000024900000 [ADE8][A47E] -246.165527
   8. 2490000027400000   [C1BF] -249.643555
   9. 2740000028700000   [AABA] -135.310303
  10. 2870000031200000   [BC67] -244.025146
  11. 3120000033700000   [A568] -260.990723
  12. 3370000039700000 [BB79][ADB5][B342][B27A] -581.811279
  13. 3970000041300000   [ADB1] -157.797363
  14. 4130000042200000   [AABA] -86.240723
  15. 4220000044100000 [B36F][ADD3] -187.184082
  16. 4410000050000000 [AED6][A4DF][AABA] -566.482422
  17. 5000000054600000 [B3A1][A5F7] -425.574707
  18. 5460000056000000     </s> -116.719238
found 1 tokens in end state
found 21 arcs
nnodes 348 nlinks 2421
Stats: nTokSet 395421
Stats: TokPerSet 12.727210
Stats: activePerFrame 693.403571
Stats: activateNodePerFrame 344.076786
Stats: deActivateNodePerFrame 343.573214

File: data/mfc/20060221-1-005960.mfc

Transcription: 1-best hypothesis [1 lists]
 List 1
   1.        0  700000      <s> -67.318977
   2.   700000 2000000   [A8BA] -126.126869
   3.  2000000 5200000 [A7DA][ADCC] -295.686890
   4.  5200000 7400000 [A843][ADD3] -215.876007
   5.  740000010500000 [B3A3][B77C] -312.204407
   6. 1050000013200000   [B3A3] -281.383301
   7. 1320000019000000 [B260][A44A][AABA] -571.127319
   8. 1900000020800000   [A7E2] -185.646362
   9. 2080000022500000   [A5A6] -172.921143
  10. 2250000029300000 [BBA1][B24D][B7A1] -646.395020
  11. 2930000031500000     </s> -170.565186
found 1 tokens in end state
found 1 arcs
nnodes 137 nlinks 588
Stats: nTokSet 229745
Stats: TokPerSet 12.889395
Stats: activePerFrame 708.355556
Stats: activateNodePerFrame 385.825397
Stats: deActivateNodePerFrame 385.180952

